TN:
SF:src\utils\atsBullets.ts
FN:15,getAlternativeStarters
FN:56,(anonymous_1)
FN:75,(anonymous_2)
FN:95,(anonymous_3)
FN:111,(anonymous_4)
FN:127,(anonymous_5)
FN:143,(anonymous_6)
FN:156,(anonymous_7)
FN:177,auditBullets
FN:180,(anonymous_9)
FN:181,(anonymous_10)
FN:203,scoreBulletQuality
FN:209,(anonymous_12)
FN:213,(anonymous_13)
FN:237,(anonymous_14)
FN:237,(anonymous_15)
FN:244,scoreActionVerbs
FN:252,(anonymous_17)
FN:253,(anonymous_18)
FN:285,scoreQuantifiedResults
FN:292,(anonymous_20)
FN:293,(anonymous_21)
FNF:22
FNH:22
FNDA:2,getAlternativeStarters
FNDA:56,(anonymous_1)
FNDA:56,(anonymous_2)
FNDA:56,(anonymous_3)
FNDA:56,(anonymous_4)
FNDA:56,(anonymous_5)
FNDA:56,(anonymous_6)
FNDA:56,(anonymous_7)
FNDA:24,auditBullets
FNDA:56,(anonymous_9)
FNDA:392,(anonymous_10)
FNDA:8,scoreBulletQuality
FNDA:14,(anonymous_12)
FNDA:42,(anonymous_13)
FNDA:28,(anonymous_14)
FNDA:28,(anonymous_15)
FNDA:11,scoreActionVerbs
FNDA:17,(anonymous_17)
FNDA:48,(anonymous_18)
FNDA:12,scoreQuantifiedResults
FNDA:17,(anonymous_20)
FNDA:48,(anonymous_21)
DA:16,2
DA:17,1
DA:26,1
DA:28,1
DA:37,1
DA:53,3
DA:57,56
DA:58,56
DA:59,56
DA:60,0
DA:68,56
DA:76,56
DA:77,56
DA:78,56
DA:79,56
DA:80,6
DA:88,50
DA:96,56
DA:97,56
DA:98,37
DA:112,56
DA:113,56
DA:114,7
DA:128,56
DA:129,56
DA:130,0
DA:144,56
DA:145,0
DA:146,0
DA:148,56
DA:149,56
DA:157,56
DA:158,33
DA:159,56
DA:160,56
DA:161,0
DA:162,0
DA:170,33
DA:178,24
DA:180,24
DA:181,56
DA:182,392
DA:183,392
DA:184,50
DA:200,24
DA:204,8
DA:205,8
DA:206,8
DA:208,8
DA:209,8
DA:210,14
DA:211,14
DA:213,14
DA:214,42
DA:215,42
DA:216,0
DA:233,42
DA:237,28
DA:238,8
DA:239,8
DA:241,8
DA:245,11
DA:246,11
DA:247,11
DA:249,11
DA:250,11
DA:252,11
DA:253,17
DA:254,48
DA:255,48
DA:256,48
DA:257,48
DA:258,45
DA:263,11
DA:264,2
DA:267,9
DA:269,9
DA:270,1
DA:282,9
DA:286,12
DA:287,12
DA:289,12
DA:290,12
DA:292,12
DA:293,17
DA:294,48
DA:295,48
DA:296,32
DA:301,12
DA:302,2
DA:305,10
DA:307,10
DA:308,1
DA:320,10
LF:94
LH:87
BRDA:15,0,0,2
BRDA:16,1,0,1
BRDA:16,1,1,1
BRDA:26,2,0,1
BRDA:26,2,1,0
BRDA:37,3,0,1
BRDA:37,3,1,0
BRDA:57,4,0,0
BRDA:57,4,1,56
BRDA:59,5,0,0
BRDA:59,5,1,56
BRDA:63,6,0,0
BRDA:63,6,1,0
BRDA:77,7,0,0
BRDA:77,7,1,56
BRDA:79,8,0,6
BRDA:79,8,1,50
BRDA:83,9,0,0
BRDA:83,9,1,6
BRDA:97,10,0,19
BRDA:97,10,1,37
BRDA:101,11,0,0
BRDA:101,11,1,37
BRDA:113,12,0,49
BRDA:113,12,1,7
BRDA:117,13,0,0
BRDA:117,13,1,7
BRDA:129,14,0,56
BRDA:129,14,1,0
BRDA:133,15,0,0
BRDA:133,15,1,0
BRDA:144,16,0,0
BRDA:144,16,1,56
BRDA:146,17,0,0
BRDA:146,17,1,0
BRDA:149,18,0,0
BRDA:149,18,1,56
BRDA:157,19,0,23
BRDA:157,19,1,33
BRDA:160,20,0,0
BRDA:160,20,1,56
BRDA:160,21,0,56
BRDA:160,21,1,32
BRDA:160,21,2,32
BRDA:165,22,0,0
BRDA:165,22,1,0
BRDA:177,23,0,24
BRDA:183,24,0,50
BRDA:183,24,1,342
BRDA:187,25,0,43
BRDA:187,25,1,7
BRDA:188,26,0,0
BRDA:188,26,1,50
BRDA:189,27,0,50
BRDA:189,27,1,0
BRDA:192,28,0,48
BRDA:192,28,1,2
BRDA:193,29,0,0
BRDA:193,29,1,50
BRDA:203,30,0,8
BRDA:215,31,0,0
BRDA:215,31,1,42
BRDA:220,32,0,0
BRDA:220,32,1,0
BRDA:223,33,0,0
BRDA:223,33,1,0
BRDA:241,34,0,0
BRDA:241,34,1,8
BRDA:247,35,0,0
BRDA:247,35,1,11
BRDA:257,36,0,45
BRDA:257,36,1,3
BRDA:257,37,0,48
BRDA:257,37,1,48
BRDA:263,38,0,2
BRDA:263,38,1,9
BRDA:269,39,0,1
BRDA:269,39,1,8
BRDA:274,40,0,0
BRDA:274,40,1,1
BRDA:275,41,0,0
BRDA:275,41,1,1
BRDA:295,42,0,32
BRDA:295,42,1,16
BRDA:301,43,0,2
BRDA:301,43,1,10
BRDA:307,44,0,1
BRDA:307,44,1,9
BRDA:312,45,0,0
BRDA:312,45,1,1
BRDA:313,46,0,0
BRDA:313,46,1,1
BRF:92
BRH:58
end_of_record
TN:
SF:src\utils\atsConstants.ts
FNF:0
FNH:0
DA:3,3
DA:5,3
DA:25,3
DA:38,3
DA:48,3
DA:55,3
DA:56,3
DA:58,3
DA:74,3
DA:86,3
DA:102,3
DA:103,3
DA:105,3
DA:107,3
DA:109,3
DA:111,3
DA:113,3
DA:128,3
DA:137,3
DA:138,3
DA:140,3
LF:21
LH:21
BRF:0
BRH:0
end_of_record
TN:
SF:src\utils\atsEvaluator.ts
FNF:0
FNH:0
LF:0
LH:0
BRF:0
BRH:0
end_of_record
TN:
SF:src\utils\atsGuideData.ts
FNF:0
FNH:0
DA:7,0
DA:185,0
DA:208,0
LF:3
LH:0
BRF:0
BRH:0
end_of_record
TN:
SF:src\utils\atsIndustry.ts
FN:80,detectIndustry
FN:82,(anonymous_1)
FN:84,(anonymous_2)
FN:88,(anonymous_3)
FN:100,applyProfileAdjustments
FN:104,(anonymous_5)
FNF:6
FNH:4
FNDA:8,detectIndustry
FNDA:48,(anonymous_1)
FNDA:80,(anonymous_2)
FNDA:68,(anonymous_3)
FNDA:0,applyProfileAdjustments
FNDA:0,(anonymous_5)
DA:3,3
DA:81,8
DA:82,8
DA:83,48
DA:84,80
DA:85,48
DA:88,68
DA:89,8
DA:90,8
DA:92,1
DA:93,1
DA:94,1
DA:97,1
DA:104,0
DA:105,0
DA:106,0
LF:16
LH:13
BRDA:90,0,0,7
BRDA:90,0,1,1
BRDA:90,1,0,8
BRDA:90,1,1,8
BRDA:92,2,0,1
BRDA:92,2,1,0
BRDA:93,3,0,0
BRDA:93,3,1,1
BRDA:93,4,0,1
BRDA:93,4,1,0
BRDA:94,5,0,0
BRDA:94,5,1,1
BRDA:94,6,0,1
BRDA:94,6,1,0
BRDA:108,7,0,0
BRDA:108,7,1,0
BRF:16
BRH:9
end_of_record
TN:
SF:src\utils\atsKeywords.ts
FN:105,expandResumeSkills
FN:124,tokenize
FN:129,matchKeywords
FN:148,(anonymous_3)
FN:173,escapeRegex
FN:177,extractMultiWordSkills
FN:179,(anonymous_6)
FNF:7
FNH:4
FNDA:18,expandResumeSkills
FNDA:10,tokenize
FNDA:10,matchKeywords
FNDA:33,(anonymous_3)
FNDA:0,escapeRegex
FNDA:0,extractMultiWordSkills
FNDA:0,(anonymous_6)
DA:1,3
DA:62,3
DA:106,18
DA:107,18
DA:110,18
DA:111,32
DA:112,32
DA:113,1450
DA:114,1450
DA:115,212
DA:116,624
DA:121,18
DA:125,10
DA:126,10
DA:130,10
DA:131,10
DA:132,10
DA:133,10
DA:134,10
DA:135,10
DA:137,10
DA:138,199
DA:139,199
DA:141,199
DA:142,78
DA:143,78
DA:146,121
DA:147,121
DA:148,33
DA:149,12
DA:150,6
DA:151,6
DA:152,6
DA:156,115
DA:157,115
DA:158,5980
DA:159,0
DA:160,0
DA:161,0
DA:162,0
DA:165,115
DA:167,115
DA:170,10
DA:174,0
DA:178,0
DA:179,0
DA:180,0
LF:47
LH:39
BRDA:114,0,0,212
BRDA:114,0,1,1238
BRDA:125,1,0,10
BRDA:125,1,1,1
BRDA:138,2,0,0
BRDA:138,2,1,199
BRDA:141,3,0,78
BRDA:141,3,1,121
BRDA:147,4,0,12
BRDA:147,4,1,109
BRDA:149,5,0,6
BRDA:149,5,1,6
BRDA:158,6,0,0
BRDA:158,6,1,5980
BRDA:158,7,0,5980
BRDA:158,7,1,7
BRDA:165,8,0,0
BRDA:165,8,1,115
BRF:18
BRH:15
end_of_record
TN:
SF:src\utils\atsMatrix.ts
FN:10,getSkillCategoriesConfig
FN:35,calculateSkillsMatrix
FN:43,(anonymous_2)
FN:51,(anonymous_3)
FN:56,(anonymous_4)
FN:61,(anonymous_5)
FN:63,(anonymous_6)
FN:66,(anonymous_7)
FN:78,(anonymous_8)
FN:79,(anonymous_9)
FN:95,(anonymous_10)
FN:131,evaluateSkillsQuality
FNF:12
FNH:12
FNDA:8,getSkillCategoriesConfig
FNDA:8,calculateSkillsMatrix
FNDA:2352,(anonymous_2)
FNDA:40,(anonymous_3)
FNDA:784,(anonymous_4)
FNDA:40,(anonymous_5)
FNDA:784,(anonymous_6)
FNDA:784,(anonymous_7)
FNDA:49,(anonymous_8)
FNDA:49,(anonymous_9)
FNDA:63,(anonymous_10)
FNDA:11,evaluateSkillsQuality
DA:11,8
DA:36,8
DA:37,8
DA:38,8
DA:39,8
DA:41,8
DA:43,8
DA:44,2352
DA:45,216
DA:47,2136
DA:48,2136
DA:51,8
DA:52,40
DA:55,8
DA:56,784
DA:59,8
DA:61,8
DA:63,784
DA:66,784
DA:73,40
DA:75,35
DA:78,49
DA:79,49
DA:82,35
DA:85,5
DA:86,5
DA:87,5
DA:90,5
DA:91,5
DA:95,40
DA:96,63
DA:97,62
DA:98,54
DA:99,54
DA:100,54
DA:101,53
DA:102,53
DA:103,53
DA:104,53
DA:105,53
DA:106,53
DA:107,45
DA:108,44
DA:109,36
DA:110,36
DA:111,36
DA:112,36
DA:113,36
DA:114,36
DA:115,36
DA:116,36
DA:117,36
DA:118,36
DA:121,40
DA:132,11
DA:133,11
DA:134,11
DA:135,11
DA:136,0
DA:147,11
LF:60
LH:59
BRDA:13,0,0,0
BRDA:13,0,1,8
BRDA:17,1,0,0
BRDA:17,1,1,8
BRDA:21,2,0,0
BRDA:21,2,1,8
BRDA:25,3,0,0
BRDA:25,3,1,8
BRDA:29,4,0,0
BRDA:29,4,1,8
BRDA:44,5,0,216
BRDA:44,5,1,2136
BRDA:66,6,0,784
BRDA:66,6,1,707
BRDA:73,7,0,35
BRDA:73,7,1,5
BRDA:96,8,0,1
BRDA:96,8,1,62
BRDA:97,9,0,8
BRDA:97,9,1,54
BRDA:98,10,0,0
BRDA:98,10,1,54
BRDA:99,11,0,0
BRDA:99,11,1,54
BRDA:100,12,0,1
BRDA:100,12,1,53
BRDA:101,13,0,0
BRDA:101,13,1,53
BRDA:101,14,0,53
BRDA:101,14,1,53
BRDA:102,15,0,0
BRDA:102,15,1,53
BRDA:103,16,0,0
BRDA:103,16,1,53
BRDA:104,17,0,0
BRDA:104,17,1,53
BRDA:105,18,0,0
BRDA:105,18,1,53
BRDA:106,19,0,8
BRDA:106,19,1,45
BRDA:107,20,0,1
BRDA:107,20,1,44
BRDA:108,21,0,8
BRDA:108,21,1,36
BRDA:108,22,0,44
BRDA:108,22,1,44
BRDA:109,23,0,0
BRDA:109,23,1,36
BRDA:110,24,0,0
BRDA:110,24,1,36
BRDA:111,25,0,0
BRDA:111,25,1,36
BRDA:112,26,0,0
BRDA:112,26,1,36
BRDA:113,27,0,0
BRDA:113,27,1,36
BRDA:114,28,0,0
BRDA:114,28,1,36
BRDA:115,29,0,0
BRDA:115,29,1,36
BRDA:116,30,0,0
BRDA:116,30,1,36
BRDA:117,31,0,0
BRDA:117,31,1,36
BRDA:133,32,0,11
BRDA:133,32,1,0
BRDA:135,33,0,0
BRDA:135,33,1,11
BRDA:135,34,0,11
BRDA:135,34,1,0
BRF:70
BRH:46
end_of_record
TN:
SF:src\utils\atsReport.ts
FN:39,evaluateResume
FN:45,(anonymous_1)
FN:46,(anonymous_2)
FN:47,(anonymous_3)
FN:48,(anonymous_4)
FN:49,(anonymous_5)
FN:50,(anonymous_6)
FN:51,(anonymous_7)
FN:52,(anonymous_8)
FN:60,(anonymous_9)
FN:79,autoFix
FN:105,(anonymous_11)
FN:110,(anonymous_12)
FN:116,(anonymous_13)
FN:138,(anonymous_14)
FN:141,(anonymous_15)
FN:172,(anonymous_16)
FN:196,(anonymous_17)
FN:231,(anonymous_18)
FN:268,(anonymous_19)
FN:286,(anonymous_20)
FN:293,(anonymous_21)
FN:296,(anonymous_22)
FN:305,(anonymous_23)
FN:320,calculateTotal
FN:331,getGrade
FN:341,generateAtsReport
FN:385,(anonymous_27)
FN:386,(anonymous_28)
FN:387,(anonymous_29)
FN:388,(anonymous_30)
FN:413,(anonymous_31)
FN:449,(anonymous_32)
FN:453,incrementalScore
FN:500,generateAtsReportV2
FN:534,(anonymous_35)
FN:547,(anonymous_36)
FN:549,(anonymous_37)
FN:552,(anonymous_38)
FN:555,(anonymous_39)
FN:588,(anonymous_40)
FN:591,(anonymous_41)
FN:592,(anonymous_42)
FN:593,(anonymous_43)
FN:611,(anonymous_44)
FN:630,(anonymous_45)
FN:631,(anonymous_46)
FN:659,(anonymous_47)
FNF:48
FNH:24
FNDA:8,evaluateResume
FNDA:8,(anonymous_1)
FNDA:16,(anonymous_2)
FNDA:32,(anonymous_3)
FNDA:40,(anonymous_4)
FNDA:48,(anonymous_5)
FNDA:56,(anonymous_6)
FNDA:64,(anonymous_7)
FNDA:72,(anonymous_8)
FNDA:107,(anonymous_9)
FNDA:0,autoFix
FNDA:0,(anonymous_11)
FNDA:0,(anonymous_12)
FNDA:0,(anonymous_13)
FNDA:0,(anonymous_14)
FNDA:0,(anonymous_15)
FNDA:0,(anonymous_16)
FNDA:0,(anonymous_17)
FNDA:0,(anonymous_18)
FNDA:0,(anonymous_19)
FNDA:0,(anonymous_20)
FNDA:0,(anonymous_21)
FNDA:0,(anonymous_22)
FNDA:0,(anonymous_23)
FNDA:8,calculateTotal
FNDA:8,getGrade
FNDA:0,generateAtsReport
FNDA:0,(anonymous_27)
FNDA:0,(anonymous_28)
FNDA:0,(anonymous_29)
FNDA:0,(anonymous_30)
FNDA:0,(anonymous_31)
FNDA:0,(anonymous_32)
FNDA:0,incrementalScore
FNDA:8,generateAtsReportV2
FNDA:84,(anonymous_35)
FNDA:10,(anonymous_36)
FNDA:0,(anonymous_37)
FNDA:10,(anonymous_38)
FNDA:0,(anonymous_39)
FNDA:96,(anonymous_40)
FNDA:107,(anonymous_41)
FNDA:107,(anonymous_42)
FNDA:107,(anonymous_43)
FNDA:700,(anonymous_44)
FNDA:96,(anonymous_45)
FNDA:41,(anonymous_46)
FNDA:96,(anonymous_47)
DA:40,8
DA:41,8
DA:44,8
DA:45,8
DA:46,16
DA:47,32
DA:48,40
DA:49,48
DA:50,56
DA:51,64
DA:52,72
DA:56,8
DA:60,107
DA:68,8
DA:80,0
DA:81,0
DA:104,0
DA:105,0
DA:106,0
DA:108,0
DA:110,0
DA:111,0
DA:112,0
DA:114,0
DA:116,0
DA:117,0
DA:119,0
DA:120,0
DA:121,0
DA:122,0
DA:124,0
DA:125,0
DA:126,0
DA:127,0
DA:128,0
DA:129,0
DA:130,0
DA:131,0
DA:132,0
DA:133,0
DA:135,0
DA:138,0
DA:139,0
DA:141,0
DA:142,0
DA:144,0
DA:145,0
DA:146,0
DA:147,0
DA:149,0
DA:150,0
DA:151,0
DA:152,0
DA:153,0
DA:154,0
DA:156,0
DA:159,0
DA:166,0
DA:167,0
DA:169,0
DA:172,0
DA:173,0
DA:174,0
DA:175,0
DA:176,0
DA:177,0
DA:179,0
DA:180,0
DA:181,0
DA:182,0
DA:185,0
DA:186,0
DA:187,0
DA:188,0
DA:189,0
DA:190,0
DA:193,0
DA:196,0
DA:197,0
DA:198,0
DA:201,0
DA:202,0
DA:203,0
DA:204,0
DA:205,0
DA:206,0
DA:207,0
DA:208,0
DA:209,0
DA:210,0
DA:212,0
DA:215,0
DA:216,0
DA:217,0
DA:218,0
DA:219,0
DA:220,0
DA:221,0
DA:222,0
DA:224,0
DA:228,0
DA:231,0
DA:232,0
DA:233,0
DA:234,0
DA:235,0
DA:238,0
DA:248,0
DA:249,0
DA:250,0
DA:251,0
DA:254,0
DA:255,0
DA:256,0
DA:257,0
DA:260,0
DA:261,0
DA:262,0
DA:265,0
DA:268,0
DA:269,0
DA:270,0
DA:273,0
DA:274,0
DA:275,0
DA:276,0
DA:277,0
DA:278,0
DA:279,0
DA:280,0
DA:284,0
DA:286,0
DA:293,0
DA:296,0
DA:304,0
DA:305,0
DA:313,0
DA:314,0
DA:317,0
DA:321,8
DA:322,8
DA:323,8
DA:324,96
DA:325,96
DA:326,96
DA:328,8
DA:332,8
DA:333,8
DA:334,8
DA:335,8
DA:336,8
DA:337,8
DA:338,1
DA:342,0
DA:343,0
DA:345,0
DA:346,0
DA:347,0
DA:348,0
DA:349,0
DA:350,0
DA:351,0
DA:352,0
DA:353,0
DA:354,0
DA:355,0
DA:356,0
DA:358,0
DA:364,0
DA:365,0
DA:366,0
DA:367,0
DA:368,0
DA:369,0
DA:370,0
DA:374,0
DA:375,0
DA:376,0
DA:377,0
DA:378,0
DA:379,0
DA:380,0
DA:383,0
DA:385,0
DA:386,0
DA:387,0
DA:388,0
DA:390,0
DA:391,0
DA:401,0
DA:404,0
DA:405,0
DA:406,0
DA:407,0
DA:408,0
DA:411,0
DA:412,0
DA:413,0
DA:414,0
DA:420,0
DA:421,0
DA:422,0
DA:423,0
DA:426,0
DA:449,0
DA:459,0
DA:460,0
DA:462,0
DA:463,0
DA:466,0
DA:468,0
DA:469,0
DA:470,0
DA:471,0
DA:472,0
DA:477,0
DA:479,0
DA:506,8
DA:507,8
DA:508,8
DA:509,8
DA:510,8
DA:513,8
DA:514,8
DA:515,8
DA:516,8
DA:517,8
DA:518,8
DA:519,8
DA:520,8
DA:521,8
DA:522,8
DA:523,8
DA:524,8
DA:526,8
DA:533,8
DA:534,7
DA:535,84
DA:536,84
DA:537,14
DA:539,70
DA:544,8
DA:547,8
DA:548,10
DA:549,0
DA:550,0
DA:551,10
DA:552,10
DA:553,10
DA:554,0
DA:555,0
DA:556,0
DA:560,8
DA:561,8
DA:562,8
DA:563,8
DA:564,8
DA:565,8
DA:566,0
DA:569,8
DA:570,0
DA:576,8
DA:577,8
DA:578,1
DA:579,7
DA:580,0
DA:581,7
DA:582,7
DA:585,8
DA:587,8
DA:588,96
DA:591,107
DA:592,107
DA:593,107
DA:595,8
DA:596,8
DA:606,8
DA:609,8
DA:610,8
DA:611,700
DA:612,8
DA:619,8
DA:620,8
DA:621,0
DA:622,0
DA:625,8
DA:626,8
DA:629,8
DA:630,96
DA:631,41
DA:634,8
DA:636,8
DA:659,96
LF:293
LH:94
BRDA:39,0,0,8
BRDA:45,1,0,8
BRDA:45,1,1,1
BRDA:46,2,0,8
BRDA:46,2,1,2
BRDA:47,3,0,8
BRDA:47,3,1,1
BRDA:48,4,0,8
BRDA:48,4,1,1
BRDA:49,5,0,8
BRDA:49,5,1,1
BRDA:50,6,0,8
BRDA:50,6,1,1
BRDA:51,7,0,8
BRDA:51,7,1,7
BRDA:52,8,0,8
BRDA:52,8,1,1
BRDA:83,9,0,0
BRDA:83,9,1,0
BRDA:84,10,0,0
BRDA:84,10,1,0
BRDA:85,11,0,0
BRDA:85,11,1,0
BRDA:86,12,0,0
BRDA:86,12,1,0
BRDA:87,13,0,0
BRDA:87,13,1,0
BRDA:89,14,0,0
BRDA:89,14,1,0
BRDA:90,15,0,0
BRDA:90,15,1,0
BRDA:91,16,0,0
BRDA:91,16,1,0
BRDA:92,17,0,0
BRDA:92,17,1,0
BRDA:93,18,0,0
BRDA:93,18,1,0
BRDA:94,19,0,0
BRDA:94,19,1,0
BRDA:95,20,0,0
BRDA:95,20,1,0
BRDA:96,21,0,0
BRDA:96,21,1,0
BRDA:97,22,0,0
BRDA:97,22,1,0
BRDA:98,23,0,0
BRDA:98,23,1,0
BRDA:99,24,0,0
BRDA:99,24,1,0
BRDA:100,25,0,0
BRDA:100,25,1,0
BRDA:111,26,0,0
BRDA:111,26,1,0
BRDA:114,27,0,0
BRDA:114,27,1,0
BRDA:166,28,0,0
BRDA:166,28,1,0
BRDA:174,29,0,0
BRDA:174,29,1,0
BRDA:177,30,0,0
BRDA:177,30,1,0
BRDA:179,31,0,0
BRDA:179,31,1,0
BRDA:180,32,0,0
BRDA:180,32,1,0
BRDA:185,33,0,0
BRDA:185,33,1,0
BRDA:187,34,0,0
BRDA:187,34,1,0
BRDA:197,35,0,0
BRDA:197,35,1,0
BRDA:197,35,2,0
BRDA:198,36,0,0
BRDA:198,36,1,0
BRDA:202,37,0,0
BRDA:202,37,1,0
BRDA:203,38,0,0
BRDA:203,38,1,0
BRDA:203,39,0,0
BRDA:203,39,1,0
BRDA:203,39,2,0
BRDA:203,39,3,0
BRDA:205,40,0,0
BRDA:205,40,1,0
BRDA:205,41,0,0
BRDA:205,41,1,0
BRDA:205,41,2,0
BRDA:205,41,3,0
BRDA:207,42,0,0
BRDA:207,42,1,0
BRDA:207,43,0,0
BRDA:207,43,1,0
BRDA:207,43,2,0
BRDA:207,43,3,0
BRDA:207,43,4,0
BRDA:209,44,0,0
BRDA:209,44,1,0
BRDA:209,45,0,0
BRDA:209,45,1,0
BRDA:209,45,2,0
BRDA:209,45,3,0
BRDA:209,45,4,0
BRDA:215,46,0,0
BRDA:215,46,1,0
BRDA:215,47,0,0
BRDA:215,47,1,0
BRDA:215,47,2,0
BRDA:215,47,3,0
BRDA:217,48,0,0
BRDA:217,48,1,0
BRDA:217,49,0,0
BRDA:217,49,1,0
BRDA:217,49,2,0
BRDA:219,50,0,0
BRDA:219,50,1,0
BRDA:219,51,0,0
BRDA:219,51,1,0
BRDA:219,51,2,0
BRDA:219,51,3,0
BRDA:219,51,4,0
BRDA:221,52,0,0
BRDA:221,52,1,0
BRDA:221,53,0,0
BRDA:221,53,1,0
BRDA:221,53,2,0
BRDA:221,53,3,0
BRDA:221,53,4,0
BRDA:232,54,0,0
BRDA:232,54,1,0
BRDA:234,55,0,0
BRDA:234,55,1,0
BRDA:235,56,0,0
BRDA:235,56,1,0
BRDA:249,57,0,0
BRDA:249,57,1,0
BRDA:249,58,0,0
BRDA:249,58,1,0
BRDA:249,58,2,0
BRDA:251,59,0,0
BRDA:251,59,1,0
BRDA:255,60,0,0
BRDA:255,60,1,0
BRDA:261,61,0,0
BRDA:261,61,1,0
BRDA:269,62,0,0
BRDA:269,62,1,0
BRDA:273,63,0,0
BRDA:273,63,1,0
BRDA:279,64,0,0
BRDA:279,64,1,0
BRDA:304,65,0,0
BRDA:304,65,1,0
BRDA:313,66,0,0
BRDA:313,66,1,0
BRDA:324,67,0,96
BRDA:324,67,1,0
BRDA:328,68,0,8
BRDA:328,68,1,0
BRDA:332,69,0,0
BRDA:332,69,1,8
BRDA:333,70,0,0
BRDA:333,70,1,8
BRDA:334,71,0,0
BRDA:334,71,1,8
BRDA:335,72,0,0
BRDA:335,72,1,8
BRDA:336,73,0,0
BRDA:336,73,1,8
BRDA:337,74,0,7
BRDA:337,74,1,1
BRDA:369,75,0,0
BRDA:369,75,1,0
BRDA:375,76,0,0
BRDA:375,76,1,0
BRDA:377,77,0,0
BRDA:377,77,1,0
BRDA:379,78,0,0
BRDA:379,78,1,0
BRDA:388,79,0,0
BRDA:388,79,1,0
BRDA:393,80,0,0
BRDA:393,80,1,0
BRDA:394,81,0,0
BRDA:394,81,1,0
BRDA:395,82,0,0
BRDA:395,82,1,0
BRDA:396,83,0,0
BRDA:396,83,1,0
BRDA:397,84,0,0
BRDA:397,84,1,0
BRDA:398,85,0,0
BRDA:398,85,1,0
BRDA:406,86,0,0
BRDA:406,86,1,0
BRDA:407,87,0,0
BRDA:407,87,1,0
BRDA:411,88,0,0
BRDA:411,88,1,0
BRDA:423,89,0,0
BRDA:423,89,1,0
BRDA:462,90,0,0
BRDA:462,90,1,0
BRDA:462,91,0,0
BRDA:462,91,1,0
BRDA:462,91,2,0
BRDA:469,92,0,0
BRDA:469,92,1,0
BRDA:471,93,0,0
BRDA:471,93,1,0
BRDA:504,94,0,8
BRDA:533,95,0,7
BRDA:533,95,1,1
BRDA:536,96,0,14
BRDA:536,96,1,70
BRDA:536,97,0,84
BRDA:536,97,1,14
BRDA:548,98,0,0
BRDA:548,98,1,10
BRDA:550,99,0,0
BRDA:550,99,1,0
BRDA:551,100,0,10
BRDA:551,100,1,0
BRDA:553,101,0,10
BRDA:553,101,1,0
BRDA:554,102,0,0
BRDA:554,102,1,0
BRDA:556,103,0,0
BRDA:556,103,1,0
BRDA:565,104,0,0
BRDA:565,104,1,8
BRDA:569,105,0,0
BRDA:569,105,1,8
BRDA:569,106,0,8
BRDA:569,106,1,1
BRDA:577,107,0,1
BRDA:577,107,1,7
BRDA:579,108,0,0
BRDA:579,108,1,7
BRDA:581,109,0,7
BRDA:581,109,1,0
BRDA:593,110,0,107
BRDA:593,110,1,54
BRDA:598,111,0,7
BRDA:598,111,1,1
BRDA:599,112,0,7
BRDA:599,112,1,1
BRDA:600,113,0,7
BRDA:600,113,1,1
BRDA:601,114,0,7
BRDA:601,114,1,1
BRDA:602,115,0,0
BRDA:602,115,1,8
BRDA:603,116,0,0
BRDA:603,116,1,8
BRDA:609,117,0,8
BRDA:609,117,1,0
BRDA:620,118,0,0
BRDA:620,118,1,8
BRDA:621,119,0,0
BRDA:621,119,1,0
BRDA:622,120,0,0
BRDA:622,120,1,0
BRF:262
BRH:58
end_of_record
TN:
SF:src\utils\atsScoring.ts
FN:25,calculateLocalSemanticScore
FN:29,weightKeyword
FN:36,evaluateSectionAts
FN:81,(anonymous_3)
FN:82,(anonymous_4)
FN:97,(anonymous_5)
FN:121,(anonymous_6)
FN:191,scoreCompleteness
FN:196,(anonymous_8)
FN:197,(anonymous_9)
FN:252,(anonymous_10)
FN:271,extractMeaningfulKeywords
FN:273,(anonymous_12)
FN:276,scoreSemantic
FN:305,scoreKeywords
FN:386,(anonymous_15)
FN:401,scoreFormatting
FN:422,(anonymous_17)
FN:422,(anonymous_18)
FN:425,(anonymous_19)
FN:455,(anonymous_20)
FN:455,(anonymous_21)
FN:471,(anonymous_22)
FN:472,(anonymous_23)
FN:474,(anonymous_24)
FN:491,(anonymous_25)
FN:492,(anonymous_26)
FN:511,scoreContactInfo
FN:566,scoreDateConsistency
FN:578,(anonymous_29)
FN:582,(anonymous_30)
FN:585,(anonymous_31)
FN:591,(anonymous_32)
FN:594,(anonymous_33)
FN:600,(anonymous_34)
FN:603,(anonymous_35)
FN:609,(anonymous_36)
FN:612,(anonymous_37)
FN:619,(anonymous_38)
FN:622,(anonymous_39)
FN:646,(anonymous_40)
FN:647,(anonymous_41)
FN:648,(anonymous_42)
FN:666,(anonymous_43)
FN:667,(anonymous_44)
FN:668,(anonymous_45)
FN:669,(anonymous_46)
FN:670,(anonymous_47)
FN:675,(anonymous_48)
FN:676,(anonymous_49)
FN:697,scoreLength
FN:702,(anonymous_51)
FN:706,(anonymous_52)
FN:757,(anonymous_53)
FN:765,(anonymous_54)
FN:785,scoreReadability
FN:806,(anonymous_56)
FN:811,(anonymous_57)
FN:811,(anonymous_58)
FN:812,(anonymous_59)
FN:818,(anonymous_60)
FN:854,scoreContentDepth
FN:860,(anonymous_62)
FN:892,(anonymous_63)
FN:925,(anonymous_64)
FN:926,(anonymous_65)
FN:984,(anonymous_66)
FN:1013,scoreAtsParseability
FN:1067,(anonymous_68)
FN:1086,(anonymous_69)
FNF:70
FNH:55
FNDA:8,calculateLocalSemanticScore
FNDA:203,weightKeyword
FNDA:4,evaluateSectionAts
FNDA:0,(anonymous_3)
FNDA:0,(anonymous_4)
FNDA:0,(anonymous_5)
FNDA:0,(anonymous_6)
FNDA:12,scoreCompleteness
FNDA:144,(anonymous_8)
FNDA:144,(anonymous_9)
FNDA:1,(anonymous_10)
FNDA:12,extractMeaningfulKeywords
FNDA:283,(anonymous_12)
FNDA:10,scoreSemantic
FNDA:12,scoreKeywords
FNDA:6,(anonymous_15)
FNDA:11,scoreFormatting
FNDA:471,(anonymous_17)
FNDA:21,(anonymous_18)
FNDA:23,(anonymous_19)
FNDA:15,(anonymous_20)
FNDA:45,(anonymous_21)
FNDA:16,(anonymous_22)
FNDA:48,(anonymous_23)
FNDA:48,(anonymous_24)
FNDA:16,(anonymous_25)
FNDA:48,(anonymous_26)
FNDA:11,scoreContactInfo
FNDA:11,scoreDateConsistency
FNDA:16,(anonymous_29)
FNDA:8,(anonymous_30)
FNDA:15,(anonymous_31)
FNDA:0,(anonymous_32)
FNDA:0,(anonymous_33)
FNDA:0,(anonymous_34)
FNDA:0,(anonymous_35)
FNDA:0,(anonymous_36)
FNDA:0,(anonymous_37)
FNDA:1,(anonymous_38)
FNDA:0,(anonymous_39)
FNDA:45,(anonymous_40)
FNDA:45,(anonymous_41)
FNDA:45,(anonymous_42)
FNDA:15,(anonymous_43)
FNDA:8,(anonymous_44)
FNDA:0,(anonymous_45)
FNDA:0,(anonymous_46)
FNDA:0,(anonymous_47)
FNDA:38,(anonymous_48)
FNDA:8,(anonymous_49)
FNDA:10,scoreLength
FNDA:21,(anonymous_51)
FNDA:14,(anonymous_52)
FNDA:120,(anonymous_53)
FNDA:35,(anonymous_54)
FNDA:11,scoreReadability
FNDA:700,(anonymous_56)
FNDA:14,(anonymous_57)
FNDA:42,(anonymous_58)
FNDA:0,(anonymous_59)
FNDA:7,(anonymous_60)
FNDA:10,scoreContentDepth
FNDA:87,(anonymous_62)
FNDA:15,(anonymous_63)
FNDA:15,(anonymous_64)
FNDA:45,(anonymous_65)
FNDA:8,(anonymous_66)
FNDA:8,scoreAtsParseability
FNDA:76,(anonymous_68)
FNDA:7,(anonymous_69)
DA:26,8
DA:30,203
DA:31,203
DA:32,149
DA:33,92
DA:41,4
DA:42,1
DA:44,3
DA:46,4
DA:48,2
DA:49,2
DA:50,1
DA:52,1
DA:53,0
DA:55,1
DA:59,0
DA:60,0
DA:61,0
DA:63,0
DA:64,0
DA:65,0
DA:67,0
DA:68,0
DA:70,0
DA:71,0
DA:73,0
DA:77,1
DA:78,1
DA:79,1
DA:81,0
DA:82,0
DA:83,0
DA:84,0
DA:86,0
DA:87,0
DA:89,0
DA:93,0
DA:94,0
DA:95,0
DA:97,0
DA:98,0
DA:99,0
DA:101,0
DA:105,0
DA:106,0
DA:107,0
DA:109,0
DA:110,0
DA:111,0
DA:113,0
DA:117,0
DA:118,0
DA:120,0
DA:121,0
DA:122,0
DA:123,0
DA:134,0
DA:138,0
DA:139,0
DA:141,0
DA:145,0
DA:146,0
DA:148,0
DA:152,0
DA:153,0
DA:155,0
DA:159,0
DA:160,0
DA:162,0
DA:166,0
DA:167,0
DA:169,0
DA:173,0
DA:174,0
DA:176,0
DA:180,0
DA:181,0
DA:183,0
DA:187,0
DA:192,12
DA:193,12
DA:194,12
DA:196,12
DA:197,144
DA:198,144
DA:199,12
DA:200,12
DA:201,12
DA:202,12
DA:203,12
DA:204,12
DA:205,12
DA:206,12
DA:207,12
DA:208,12
DA:209,12
DA:210,12
DA:211,0
DA:212,0
DA:216,144
DA:217,53
DA:218,53
DA:220,91
DA:221,91
DA:224,91
DA:225,39
DA:239,12
DA:240,12
DA:241,12
DA:242,12
DA:243,12
DA:244,12
DA:245,12
DA:246,12
DA:247,12
DA:248,12
DA:249,12
DA:250,12
DA:251,12
DA:252,1
DA:253,1
DA:254,0
DA:255,0
DA:268,12
DA:272,12
DA:273,283
DA:277,10
DA:278,10
DA:279,10
DA:281,10
DA:282,2
DA:285,8
DA:286,8
DA:288,8
DA:289,1
DA:302,8
DA:306,12
DA:307,12
DA:309,12
DA:310,2
DA:313,10
DA:314,10
DA:315,10
DA:316,10
DA:318,10
DA:321,10
DA:322,10
DA:324,10
DA:325,10
DA:327,10
DA:328,0
DA:332,10
DA:333,10
DA:335,10
DA:336,10
DA:337,199
DA:338,199
DA:339,199
DA:340,199
DA:343,10
DA:344,84
DA:346,10
DA:347,6
DA:350,10
DA:354,10
DA:359,12
DA:360,1
DA:371,10
DA:372,9
DA:373,9
DA:385,10
DA:386,6
DA:387,6
DA:398,10
DA:402,11
DA:403,11
DA:404,11
DA:405,11
DA:409,11
DA:410,11
DA:412,11
DA:413,11
DA:414,0
DA:415,0
DA:419,11
DA:420,11
DA:421,574
DA:422,471
DA:423,11
DA:424,9
DA:425,23
DA:426,9
DA:438,11
DA:439,11
DA:440,1
DA:441,1
DA:453,11
DA:454,11
DA:455,45
DA:456,11
DA:457,1
DA:458,1
DA:470,11
DA:471,9
DA:472,48
DA:474,48
DA:475,9
DA:476,0
DA:477,0
DA:491,11
DA:492,48
DA:494,11
DA:495,0
DA:496,0
DA:508,11
DA:512,11
DA:513,11
DA:514,11
DA:515,11
DA:517,11
DA:518,11
DA:519,11
DA:520,11
DA:521,11
DA:522,11
DA:525,11
DA:526,11
DA:527,11
DA:528,0
DA:529,0
DA:542,11
DA:543,3
DA:544,3
DA:545,3
DA:546,3
DA:547,3
DA:549,3
DA:550,3
DA:563,11
DA:567,11
DA:568,11
DA:569,11
DA:571,11
DA:572,11
DA:573,11
DA:574,11
DA:575,11
DA:577,11
DA:578,11
DA:579,16
DA:580,16
DA:582,11
DA:583,8
DA:584,8
DA:585,8
DA:586,15
DA:587,15
DA:591,11
DA:592,0
DA:593,0
DA:594,0
DA:595,0
DA:596,0
DA:600,11
DA:601,0
DA:602,0
DA:603,0
DA:604,0
DA:605,0
DA:609,11
DA:610,0
DA:611,0
DA:612,0
DA:613,0
DA:614,0
DA:618,11
DA:619,11
DA:620,1
DA:621,0
DA:622,0
DA:623,0
DA:624,0
DA:629,11
DA:630,3
DA:631,3
DA:632,1
DA:643,3
DA:646,45
DA:647,45
DA:648,45
DA:650,8
DA:651,7
DA:652,7
DA:665,8
DA:666,15
DA:667,8
DA:668,0
DA:669,0
DA:670,0
DA:674,11
DA:675,38
DA:676,8
DA:677,11
DA:678,11
DA:679,0
DA:680,0
DA:694,8
DA:698,10
DA:699,10
DA:700,10
DA:701,10
DA:702,10
DA:703,21
DA:704,21
DA:706,10
DA:707,14
DA:708,14
DA:709,14
DA:710,14
DA:713,14
DA:720,10
DA:723,10
DA:724,3
DA:725,3
DA:726,7
DA:727,7
DA:728,7
DA:729,0
DA:730,0
DA:731,0
DA:732,0
DA:734,0
DA:735,0
DA:736,0
DA:739,10
DA:740,10
DA:753,10
DA:754,10
DA:757,10
DA:758,120
DA:759,110
DA:760,100
DA:761,100
DA:763,10
DA:764,10
DA:765,35
DA:766,10
DA:768,10
DA:769,0
DA:770,0
DA:771,0
DA:782,10
DA:786,11
DA:787,11
DA:788,11
DA:789,11
DA:790,11
DA:793,11
DA:794,11
DA:795,4
DA:804,4
DA:806,700
DA:809,7
DA:810,7
DA:811,42
DA:812,7
DA:813,11
DA:815,11
DA:818,11
DA:819,7
DA:820,0
DA:821,0
DA:822,0
DA:823,0
DA:826,11
DA:827,11
DA:829,11
DA:830,0
DA:839,7
DA:840,0
DA:851,7
DA:855,10
DA:856,10
DA:857,10
DA:860,87
DA:861,10
DA:862,0
DA:863,10
DA:864,8
DA:865,8
DA:876,2
DA:889,10
DA:890,10
DA:891,8
DA:892,15
DA:895,8
DA:896,8
DA:897,8
DA:898,8
DA:900,8
DA:901,0
DA:911,8
DA:912,0
DA:925,8
DA:926,45
DA:927,8
DA:928,0
DA:940,2
DA:953,10
DA:954,10
DA:955,8
DA:956,2
DA:957,0
DA:958,0
DA:969,2
DA:982,10
DA:983,10
DA:984,8
DA:985,8
DA:986,8
DA:988,0
DA:989,0
DA:1003,10
DA:1004,10
DA:1005,0
DA:1006,10
DA:1007,0
DA:1010,10
DA:1014,8
DA:1015,8
DA:1016,8
DA:1019,8
DA:1020,8
DA:1021,0
DA:1022,0
DA:1023,0
DA:1035,8
DA:1036,8
DA:1037,0
DA:1038,0
DA:1039,0
DA:1051,8
DA:1052,1
DA:1056,8
DA:1057,1
DA:1061,8
DA:1066,8
DA:1067,76
DA:1068,24
DA:1069,10
DA:1070,10
DA:1083,8
DA:1084,7
DA:1085,7
DA:1086,7
DA:1087,7
DA:1088,0
DA:1089,0
DA:1101,8
LF:459
LH:326
BRDA:31,0,0,54
BRDA:31,0,1,149
BRDA:32,1,0,57
BRDA:32,1,1,92
BRDA:41,2,0,1
BRDA:41,2,1,3
BRDA:44,3,0,3
BRDA:44,3,1,0
BRDA:46,4,0,2
BRDA:46,4,1,0
BRDA:46,4,2,1
BRDA:46,4,3,0
BRDA:46,4,4,0
BRDA:46,4,5,0
BRDA:46,4,6,0
BRDA:46,4,7,0
BRDA:46,4,8,0
BRDA:46,4,9,0
BRDA:46,4,10,0
BRDA:46,4,11,0
BRDA:46,4,12,0
BRDA:46,4,13,0
BRDA:49,5,0,1
BRDA:49,5,1,1
BRDA:49,6,0,2
BRDA:49,6,1,2
BRDA:49,6,2,1
BRDA:50,7,0,0
BRDA:50,7,1,1
BRDA:52,8,0,0
BRDA:52,8,1,1
BRDA:52,9,0,1
BRDA:52,9,1,1
BRDA:53,10,0,0
BRDA:53,10,1,0
BRDA:55,11,0,0
BRDA:55,11,1,1
BRDA:60,12,0,0
BRDA:60,12,1,0
BRDA:61,13,0,0
BRDA:61,13,1,0
BRDA:63,14,0,0
BRDA:63,14,1,0
BRDA:64,15,0,0
BRDA:64,15,1,0
BRDA:65,16,0,0
BRDA:65,16,1,0
BRDA:67,17,0,0
BRDA:67,17,1,0
BRDA:68,18,0,0
BRDA:68,18,1,0
BRDA:70,19,0,0
BRDA:70,19,1,0
BRDA:71,20,0,0
BRDA:71,20,1,0
BRDA:73,21,0,0
BRDA:73,21,1,0
BRDA:78,22,0,1
BRDA:78,22,1,0
BRDA:78,23,0,1
BRDA:78,23,1,1
BRDA:79,24,0,0
BRDA:79,24,1,1
BRDA:81,25,0,0
BRDA:81,25,1,0
BRDA:82,26,0,0
BRDA:82,26,1,0
BRDA:83,27,0,0
BRDA:83,27,1,0
BRDA:84,28,0,0
BRDA:84,28,1,0
BRDA:86,29,0,0
BRDA:86,29,1,0
BRDA:87,30,0,0
BRDA:87,30,1,0
BRDA:89,31,0,0
BRDA:89,31,1,0
BRDA:94,32,0,0
BRDA:94,32,1,0
BRDA:94,33,0,0
BRDA:94,33,1,0
BRDA:95,34,0,0
BRDA:95,34,1,0
BRDA:97,35,0,0
BRDA:97,35,1,0
BRDA:98,36,0,0
BRDA:98,36,1,0
BRDA:99,37,0,0
BRDA:99,37,1,0
BRDA:101,38,0,0
BRDA:101,38,1,0
BRDA:105,39,0,0
BRDA:105,39,1,0
BRDA:106,40,0,0
BRDA:106,40,1,0
BRDA:107,41,0,0
BRDA:107,41,1,0
BRDA:110,42,0,0
BRDA:110,42,1,0
BRDA:111,43,0,0
BRDA:111,43,1,0
BRDA:113,44,0,0
BRDA:113,44,1,0
BRDA:113,45,0,0
BRDA:113,45,1,0
BRDA:117,46,0,0
BRDA:117,46,1,0
BRDA:117,47,0,0
BRDA:117,47,1,0
BRDA:118,48,0,0
BRDA:118,48,1,0
BRDA:121,49,0,0
BRDA:121,49,1,0
BRDA:121,49,2,0
BRDA:122,50,0,0
BRDA:122,50,1,0
BRDA:134,51,0,0
BRDA:134,51,1,0
BRDA:134,52,0,0
BRDA:134,52,1,0
BRDA:138,53,0,0
BRDA:138,53,1,0
BRDA:138,54,0,0
BRDA:138,54,1,0
BRDA:139,55,0,0
BRDA:139,55,1,0
BRDA:141,56,0,0
BRDA:141,56,1,0
BRDA:145,57,0,0
BRDA:145,57,1,0
BRDA:145,58,0,0
BRDA:145,58,1,0
BRDA:146,59,0,0
BRDA:146,59,1,0
BRDA:148,60,0,0
BRDA:148,60,1,0
BRDA:152,61,0,0
BRDA:152,61,1,0
BRDA:152,62,0,0
BRDA:152,62,1,0
BRDA:153,63,0,0
BRDA:153,63,1,0
BRDA:155,64,0,0
BRDA:155,64,1,0
BRDA:159,65,0,0
BRDA:159,65,1,0
BRDA:159,66,0,0
BRDA:159,66,1,0
BRDA:160,67,0,0
BRDA:160,67,1,0
BRDA:162,68,0,0
BRDA:162,68,1,0
BRDA:166,69,0,0
BRDA:166,69,1,0
BRDA:166,70,0,0
BRDA:166,70,1,0
BRDA:167,71,0,0
BRDA:167,71,1,0
BRDA:169,72,0,0
BRDA:169,72,1,0
BRDA:173,73,0,0
BRDA:173,73,1,0
BRDA:173,74,0,0
BRDA:173,74,1,0
BRDA:174,75,0,0
BRDA:174,75,1,0
BRDA:176,76,0,0
BRDA:176,76,1,0
BRDA:180,77,0,0
BRDA:180,77,1,0
BRDA:180,78,0,0
BRDA:180,78,1,0
BRDA:181,79,0,0
BRDA:181,79,1,0
BRDA:183,80,0,0
BRDA:183,80,1,0
BRDA:198,81,0,12
BRDA:198,81,1,12
BRDA:198,81,2,12
BRDA:198,81,3,12
BRDA:198,81,4,12
BRDA:198,81,5,12
BRDA:198,81,6,12
BRDA:198,81,7,12
BRDA:198,81,8,12
BRDA:198,81,9,12
BRDA:198,81,10,12
BRDA:198,81,11,12
BRDA:198,81,12,0
BRDA:198,81,13,0
BRDA:199,82,0,12
BRDA:199,82,1,12
BRDA:216,83,0,53
BRDA:216,83,1,91
BRDA:217,84,0,36
BRDA:217,84,1,17
BRDA:217,85,0,9
BRDA:217,85,1,8
BRDA:220,86,0,12
BRDA:220,86,1,79
BRDA:220,87,0,27
BRDA:220,87,1,52
BRDA:221,88,0,0
BRDA:221,88,1,91
BRDA:222,89,0,0
BRDA:222,89,1,0
BRDA:223,90,0,12
BRDA:223,90,1,79
BRDA:224,91,0,39
BRDA:224,91,1,52
BRDA:230,92,0,0
BRDA:230,92,1,39
BRDA:232,93,0,12
BRDA:232,93,1,27
BRDA:232,94,0,27
BRDA:232,94,1,0
BRDA:251,95,0,1
BRDA:251,95,1,11
BRDA:251,96,0,12
BRDA:251,96,1,1
BRDA:252,97,0,1
BRDA:252,97,1,0
BRDA:252,97,2,0
BRDA:253,98,0,0
BRDA:253,98,1,1
BRDA:272,99,0,12
BRDA:272,99,1,0
BRDA:273,100,0,283
BRDA:273,100,1,230
BRDA:279,101,0,8
BRDA:279,101,1,2
BRDA:281,102,0,2
BRDA:281,102,1,8
BRDA:288,103,0,1
BRDA:288,103,1,7
BRDA:293,104,0,0
BRDA:293,104,1,1
BRDA:294,105,0,0
BRDA:294,105,1,1
BRDA:309,106,0,2
BRDA:309,106,1,10
BRDA:327,107,0,0
BRDA:327,107,1,10
BRDA:338,108,0,51
BRDA:338,108,1,148
BRDA:338,109,0,57
BRDA:338,109,1,91
BRDA:344,110,0,84
BRDA:344,110,1,0
BRDA:347,111,0,6
BRDA:347,111,1,0
BRDA:354,112,0,1
BRDA:354,112,1,9
BRDA:359,113,0,1
BRDA:359,113,1,11
BRDA:371,114,0,9
BRDA:371,114,1,1
BRDA:371,115,0,10
BRDA:371,115,1,9
BRDA:377,116,0,0
BRDA:377,116,1,9
BRDA:378,117,0,0
BRDA:378,117,1,9
BRDA:385,118,0,6
BRDA:385,118,1,4
BRDA:391,119,0,0
BRDA:391,119,1,6
BRDA:392,120,0,0
BRDA:392,120,1,6
BRDA:410,121,0,4
BRDA:410,121,1,7
BRDA:413,122,0,0
BRDA:413,122,1,11
BRDA:419,123,0,11
BRDA:419,123,1,2
BRDA:421,124,0,574
BRDA:421,124,1,471
BRDA:423,125,0,9
BRDA:423,125,1,2
BRDA:430,126,0,0
BRDA:430,126,1,9
BRDA:439,127,0,1
BRDA:439,127,1,10
BRDA:445,128,0,0
BRDA:445,128,1,1
BRDA:446,129,0,0
BRDA:446,129,1,1
BRDA:453,130,0,0
BRDA:453,130,1,11
BRDA:454,131,0,11
BRDA:454,131,1,10
BRDA:456,132,0,1
BRDA:456,132,1,10
BRDA:462,133,0,0
BRDA:462,133,1,1
BRDA:463,134,0,0
BRDA:463,134,1,1
BRDA:470,135,0,9
BRDA:470,135,1,2
BRDA:474,136,0,48
BRDA:474,136,1,0
BRDA:475,137,0,0
BRDA:475,137,1,9
BRDA:481,138,0,0
BRDA:481,138,1,0
BRDA:482,139,0,0
BRDA:482,139,1,0
BRDA:494,140,0,0
BRDA:494,140,1,11
BRDA:500,141,0,0
BRDA:500,141,1,0
BRDA:501,142,0,0
BRDA:501,142,1,0
BRDA:517,143,0,11
BRDA:517,143,1,0
BRDA:518,144,0,9
BRDA:518,144,1,2
BRDA:519,145,0,8
BRDA:519,145,1,3
BRDA:519,146,0,11
BRDA:519,146,1,8
BRDA:520,147,0,9
BRDA:520,147,1,2
BRDA:521,148,0,9
BRDA:521,148,1,2
BRDA:522,149,0,9
BRDA:522,149,1,2
BRDA:527,150,0,0
BRDA:527,150,1,11
BRDA:542,151,0,3
BRDA:542,151,1,8
BRDA:544,152,0,2
BRDA:544,152,1,1
BRDA:544,153,0,0
BRDA:544,153,1,2
BRDA:545,154,0,3
BRDA:545,154,1,0
BRDA:546,155,0,2
BRDA:546,155,1,1
BRDA:546,156,0,0
BRDA:546,156,1,2
BRDA:547,157,0,2
BRDA:547,157,1,1
BRDA:549,158,0,3
BRDA:549,158,1,0
BRDA:554,159,0,0
BRDA:554,159,1,3
BRDA:555,160,0,0
BRDA:555,160,1,3
BRDA:571,161,0,11
BRDA:571,161,1,0
BRDA:572,162,0,11
BRDA:572,162,1,0
BRDA:573,163,0,11
BRDA:573,163,1,11
BRDA:574,164,0,11
BRDA:574,164,1,11
BRDA:575,165,0,11
BRDA:575,165,1,11
BRDA:579,166,0,15
BRDA:579,166,1,1
BRDA:580,167,0,15
BRDA:580,167,1,1
BRDA:583,168,0,8
BRDA:583,168,1,0
BRDA:587,169,0,15
BRDA:587,169,1,0
BRDA:592,170,0,0
BRDA:592,170,1,0
BRDA:596,171,0,0
BRDA:596,171,1,0
BRDA:601,172,0,0
BRDA:601,172,1,0
BRDA:605,173,0,0
BRDA:605,173,1,0
BRDA:610,174,0,0
BRDA:610,174,1,0
BRDA:614,175,0,0
BRDA:614,175,1,0
BRDA:618,176,0,11
BRDA:618,176,1,10
BRDA:620,177,0,0
BRDA:620,177,1,1
BRDA:624,178,0,0
BRDA:624,178,1,0
BRDA:629,179,0,3
BRDA:629,179,1,8
BRDA:630,180,0,3
BRDA:630,180,1,2
BRDA:631,181,0,1
BRDA:631,181,1,2
BRDA:636,182,0,0
BRDA:636,182,1,1
BRDA:637,183,0,0
BRDA:637,183,1,1
BRDA:643,184,0,1
BRDA:643,184,1,2
BRDA:650,185,0,7
BRDA:650,185,1,1
BRDA:650,186,0,8
BRDA:650,186,1,1
BRDA:656,187,0,0
BRDA:656,187,1,7
BRDA:657,188,0,0
BRDA:657,188,1,7
BRDA:668,189,0,8
BRDA:668,189,1,0
BRDA:668,190,0,0
BRDA:668,190,1,0
BRDA:668,191,0,0
BRDA:668,191,1,0
BRDA:668,192,0,0
BRDA:668,192,1,0
BRDA:669,193,0,11
BRDA:669,193,1,0
BRDA:670,194,0,11
BRDA:670,194,1,0
BRDA:675,195,0,38
BRDA:675,195,1,38
BRDA:675,195,2,38
BRDA:675,195,3,30
BRDA:675,195,4,30
BRDA:678,196,0,0
BRDA:678,196,1,11
BRDA:684,197,0,0
BRDA:684,197,1,0
BRDA:685,198,0,0
BRDA:685,198,1,0
BRDA:697,199,0,10
BRDA:703,200,0,21
BRDA:703,200,1,0
BRDA:704,201,0,21
BRDA:704,201,1,0
BRDA:708,202,0,0
BRDA:708,202,1,14
BRDA:710,203,0,7
BRDA:710,203,1,7
BRDA:710,204,0,14
BRDA:710,204,1,0
BRDA:723,205,0,3
BRDA:723,205,1,7
BRDA:725,206,0,0
BRDA:725,206,1,3
BRDA:726,207,0,7
BRDA:726,207,1,0
BRDA:728,208,0,0
BRDA:728,208,1,7
BRDA:729,209,0,0
BRDA:729,209,1,0
BRDA:730,210,0,0
BRDA:730,210,1,0
BRDA:730,211,0,0
BRDA:730,211,1,0
BRDA:731,212,0,0
BRDA:731,212,1,0
BRDA:731,213,0,0
BRDA:731,213,1,0
BRDA:732,214,0,0
BRDA:732,214,1,0
BRDA:734,215,0,0
BRDA:734,215,1,0
BRDA:734,216,0,0
BRDA:734,216,1,0
BRDA:735,217,0,0
BRDA:735,217,1,0
BRDA:735,218,0,0
BRDA:735,218,1,0
BRDA:736,219,0,0
BRDA:736,219,1,0
BRDA:739,220,0,10
BRDA:739,220,1,0
BRDA:744,221,0,0
BRDA:744,221,1,10
BRDA:745,222,0,0
BRDA:745,222,1,10
BRDA:758,223,0,10
BRDA:758,223,1,110
BRDA:758,224,0,10
BRDA:758,224,1,7
BRDA:759,225,0,10
BRDA:759,225,1,100
BRDA:759,226,0,10
BRDA:759,226,1,10
BRDA:761,227,0,100
BRDA:761,227,1,27
BRDA:765,228,0,35
BRDA:765,228,1,0
BRDA:768,229,0,0
BRDA:768,229,1,10
BRDA:768,230,0,10
BRDA:768,230,1,0
BRDA:768,230,2,0
BRDA:790,231,0,11
BRDA:790,231,1,2
BRDA:794,232,0,4
BRDA:794,232,1,7
BRDA:799,233,0,0
BRDA:799,233,1,4
BRDA:800,234,0,0
BRDA:800,234,1,4
BRDA:804,235,0,2
BRDA:804,235,1,2
BRDA:810,236,0,7
BRDA:810,236,1,0
BRDA:812,237,0,0
BRDA:812,237,1,0
BRDA:819,238,0,7
BRDA:819,238,1,0
BRDA:820,239,0,0
BRDA:820,239,1,0
BRDA:821,240,0,0
BRDA:821,240,1,0
BRDA:822,241,0,0
BRDA:822,241,1,0
BRDA:829,242,0,0
BRDA:829,242,1,7
BRDA:834,243,0,0
BRDA:834,243,1,0
BRDA:835,244,0,0
BRDA:835,244,1,0
BRDA:839,245,0,0
BRDA:839,245,1,7
BRDA:844,246,0,0
BRDA:844,246,1,0
BRDA:845,247,0,0
BRDA:845,247,1,0
BRDA:860,248,0,10
BRDA:860,248,1,2
BRDA:861,249,0,0
BRDA:861,249,1,10
BRDA:863,250,0,8
BRDA:863,250,1,2
BRDA:869,251,0,0
BRDA:869,251,1,8
BRDA:870,252,0,0
BRDA:870,252,1,8
BRDA:880,253,0,0
BRDA:880,253,1,2
BRDA:881,254,0,0
BRDA:881,254,1,2
BRDA:890,255,0,8
BRDA:890,255,1,2
BRDA:900,256,0,0
BRDA:900,256,1,8
BRDA:905,257,0,0
BRDA:905,257,1,0
BRDA:906,258,0,0
BRDA:906,258,1,0
BRDA:911,259,0,0
BRDA:911,259,1,8
BRDA:916,260,0,0
BRDA:916,260,1,0
BRDA:917,261,0,0
BRDA:917,261,1,0
BRDA:926,262,0,45
BRDA:926,262,1,45
BRDA:927,263,0,0
BRDA:927,263,1,8
BRDA:927,264,0,8
BRDA:927,264,1,0
BRDA:932,265,0,0
BRDA:932,265,1,0
BRDA:933,266,0,0
BRDA:933,266,1,0
BRDA:944,267,0,0
BRDA:944,267,1,2
BRDA:945,268,0,0
BRDA:945,268,1,2
BRDA:953,269,0,10
BRDA:953,269,1,0
BRDA:954,270,0,8
BRDA:954,270,1,2
BRDA:956,271,0,0
BRDA:956,271,1,2
BRDA:962,272,0,0
BRDA:962,272,1,0
BRDA:963,273,0,0
BRDA:963,273,1,0
BRDA:973,274,0,0
BRDA:973,274,1,2
BRDA:974,275,0,0
BRDA:974,275,1,2
BRDA:982,276,0,10
BRDA:982,276,1,2
BRDA:983,277,0,8
BRDA:983,277,1,2
BRDA:984,278,0,8
BRDA:984,278,1,8
BRDA:985,279,0,8
BRDA:985,279,1,0
BRDA:993,280,0,0
BRDA:993,280,1,0
BRDA:994,281,0,0
BRDA:994,281,1,0
BRDA:1004,282,0,0
BRDA:1004,282,1,10
BRDA:1006,283,0,0
BRDA:1006,283,1,10
BRDA:1020,284,0,0
BRDA:1020,284,1,8
BRDA:1036,285,0,0
BRDA:1036,285,1,8
BRDA:1051,286,0,1
BRDA:1051,286,1,7
BRDA:1051,287,0,8
BRDA:1051,287,1,1
BRDA:1051,287,2,1
BRDA:1056,288,0,1
BRDA:1056,288,1,7
BRDA:1068,289,0,10
BRDA:1068,289,1,14
BRDA:1083,290,0,7
BRDA:1083,290,1,1
BRDA:1083,291,0,8
BRDA:1083,291,1,7
BRDA:1086,292,0,7
BRDA:1086,292,1,7
BRDA:1087,293,0,0
BRDA:1087,293,1,7
BRF:619
BRH:284
end_of_record
TN:
SF:src\utils\atsUtils.ts
FN:4,toDomId
FN:8,getWords
FN:13,(anonymous_2)
FN:17,detectLanguage
FN:22,(anonymous_4)
FN:32,detectDateFormat
FN:70,clearResumeTextCache
FN:76,extractResumeText
FN:89,(anonymous_8)
FN:93,(anonymous_9)
FN:98,(anonymous_10)
FN:99,(anonymous_11)
FN:100,(anonymous_12)
FN:101,(anonymous_13)
FN:105,(anonymous_14)
FN:109,countContentWords
FN:117,countMeaningfulBullets
FN:119,(anonymous_17)
FN:120,(anonymous_18)
FN:127,countSyllables
FN:134,hashContent
FN:144,buildSectionHashes
FN:157,loadTimeline
FN:165,saveTimelineEntry
FN:176,getActualSkillsCount
FN:183,(anonymous_25)
FN:199,parseCategorizedSkills
FN:209,(anonymous_27)
FN:215,(anonymous_28)
FNF:29
FNH:20
FNDA:60,toDomId
FNDA:18,getWords
FNDA:1577,(anonymous_2)
FNDA:18,detectLanguage
FNDA:1475,(anonymous_4)
FNDA:45,detectDateFormat
FNDA:49,clearResumeTextCache
FNDA:135,extractResumeText
FNDA:98,(anonymous_8)
FNDA:56,(anonymous_9)
FNDA:98,(anonymous_10)
FNDA:14,(anonymous_11)
FNDA:0,(anonymous_12)
FNDA:0,(anonymous_13)
FNDA:3520,(anonymous_14)
FNDA:50,countContentWords
FNDA:8,countMeaningfulBullets
FNDA:15,(anonymous_17)
FNDA:45,(anonymous_18)
FNDA:1400,countSyllables
FNDA:0,hashContent
FNDA:0,buildSectionHashes
FNDA:8,loadTimeline
FNDA:0,saveTimelineEntry
FNDA:28,getActualSkillsCount
FNDA:0,(anonymous_25)
FNDA:0,parseCategorizedSkills
FNDA:0,(anonymous_27)
FNDA:0,(anonymous_28)
DA:5,60
DA:9,18
DA:13,1577
DA:18,18
DA:19,18
DA:20,18
DA:22,18
DA:23,1475
DA:24,1475
DA:28,18
DA:33,45
DA:34,45
DA:35,8
DA:39,37
DA:40,2
DA:44,35
DA:45,21
DA:49,14
DA:50,7
DA:53,7
DA:54,0
DA:55,0
DA:56,0
DA:59,7
DA:60,7
DA:61,0
DA:65,7
DA:68,3
DA:71,49
DA:77,135
DA:78,135
DA:79,63
DA:81,72
DA:82,135
DA:83,135
DA:84,135
DA:85,22
DA:86,22
DA:88,72
DA:89,135
DA:90,98
DA:91,98
DA:93,135
DA:94,56
DA:95,56
DA:97,135
DA:98,135
DA:99,72
DA:100,72
DA:101,72
DA:102,72
DA:103,22
DA:105,3520
DA:110,50
DA:118,8
DA:119,8
DA:120,15
DA:121,45
DA:124,8
DA:128,1400
DA:129,1400
DA:130,994
DA:131,994
DA:135,0
DA:136,0
DA:137,0
DA:138,0
DA:139,0
DA:141,0
DA:145,0
DA:158,8
DA:159,8
DA:161,8
DA:166,0
DA:167,0
DA:168,0
DA:169,0
DA:170,0
DA:177,28
DA:178,28
DA:179,28
DA:180,132
DA:181,0
DA:182,0
DA:183,0
DA:184,0
DA:186,132
DA:187,132
DA:191,28
DA:200,0
DA:201,0
DA:203,0
DA:204,0
DA:205,0
DA:206,0
DA:207,0
DA:208,0
DA:209,0
DA:211,0
DA:213,0
DA:214,0
DA:215,0
DA:216,0
DA:217,0
DA:218,0
DA:221,0
DA:226,0
LF:107
LH:69
BRDA:23,0,0,210
BRDA:23,0,1,1265
BRDA:24,1,0,1
BRDA:24,1,1,1474
BRDA:28,2,0,1
BRDA:28,2,1,17
BRDA:34,3,0,8
BRDA:34,3,1,37
BRDA:39,4,0,2
BRDA:39,4,1,35
BRDA:44,5,0,21
BRDA:44,5,1,14
BRDA:49,6,0,7
BRDA:49,6,1,7
BRDA:53,7,0,0
BRDA:53,7,1,7
BRDA:55,8,0,0
BRDA:55,8,1,0
BRDA:60,9,0,0
BRDA:60,9,1,7
BRDA:77,10,0,0
BRDA:77,10,1,135
BRDA:77,11,0,0
BRDA:77,11,1,0
BRDA:78,12,0,63
BRDA:78,12,1,72
BRDA:78,13,0,135
BRDA:78,13,1,111
BRDA:78,13,2,63
BRDA:81,14,0,72
BRDA:81,14,1,22
BRDA:82,15,0,135
BRDA:82,15,1,22
BRDA:84,16,0,22
BRDA:84,16,1,113
BRDA:84,17,0,135
BRDA:84,17,1,22
BRDA:85,18,0,22
BRDA:85,18,1,0
BRDA:86,19,0,22
BRDA:86,19,1,6
BRDA:86,20,0,22
BRDA:86,20,1,7
BRDA:86,21,0,22
BRDA:86,21,1,6
BRDA:86,22,0,22
BRDA:86,22,1,6
BRDA:86,23,0,22
BRDA:86,23,1,6
BRDA:86,24,0,22
BRDA:86,24,1,22
BRDA:88,25,0,72
BRDA:88,25,1,16
BRDA:89,26,0,135
BRDA:89,26,1,0
BRDA:90,27,0,0
BRDA:90,27,1,98
BRDA:91,28,0,98
BRDA:91,28,1,0
BRDA:91,29,0,98
BRDA:91,29,1,0
BRDA:91,30,0,98
BRDA:91,30,1,0
BRDA:91,31,0,98
BRDA:91,31,1,0
BRDA:93,32,0,135
BRDA:93,32,1,0
BRDA:94,33,0,0
BRDA:94,33,1,56
BRDA:95,34,0,56
BRDA:95,34,1,0
BRDA:95,35,0,56
BRDA:95,35,1,0
BRDA:95,36,0,56
BRDA:95,36,1,14
BRDA:97,37,0,135
BRDA:97,37,1,0
BRDA:98,38,0,56
BRDA:98,38,1,79
BRDA:98,39,0,56
BRDA:98,39,1,0
BRDA:98,40,0,98
BRDA:98,40,1,0
BRDA:99,41,0,14
BRDA:99,41,1,58
BRDA:99,42,0,14
BRDA:99,42,1,0
BRDA:99,43,0,14
BRDA:99,43,1,0
BRDA:99,44,0,14
BRDA:99,44,1,0
BRDA:99,45,0,14
BRDA:99,45,1,0
BRDA:99,46,0,14
BRDA:99,46,1,0
BRDA:100,47,0,0
BRDA:100,47,1,72
BRDA:100,48,0,0
BRDA:100,48,1,0
BRDA:100,49,0,0
BRDA:100,49,1,0
BRDA:100,50,0,0
BRDA:100,50,1,0
BRDA:100,51,0,0
BRDA:100,51,1,0
BRDA:101,52,0,0
BRDA:101,52,1,72
BRDA:101,53,0,0
BRDA:101,53,1,0
BRDA:101,54,0,0
BRDA:101,54,1,0
BRDA:102,55,0,22
BRDA:102,55,1,50
BRDA:102,56,0,72
BRDA:102,56,1,22
BRDA:105,57,0,50
BRDA:105,57,1,22
BRDA:119,58,0,8
BRDA:119,58,1,0
BRDA:120,59,0,15
BRDA:120,59,1,0
BRDA:121,60,0,45
BRDA:121,60,1,0
BRDA:121,61,0,45
BRDA:121,61,1,45
BRDA:129,62,0,406
BRDA:129,62,1,994
BRDA:131,63,0,994
BRDA:131,63,1,0
BRDA:146,64,0,0
BRDA:146,64,1,0
BRDA:147,65,0,0
BRDA:147,65,1,0
BRDA:148,66,0,0
BRDA:148,66,1,0
BRDA:149,67,0,0
BRDA:149,67,1,0
BRDA:150,68,0,0
BRDA:150,68,1,0
BRDA:151,69,0,0
BRDA:151,69,1,0
BRDA:152,70,0,0
BRDA:152,70,1,0
BRDA:153,71,0,0
BRDA:153,71,1,0
BRDA:159,72,0,8
BRDA:159,72,1,0
BRDA:169,73,0,0
BRDA:169,73,1,0
BRDA:177,74,0,0
BRDA:177,74,1,28
BRDA:180,75,0,0
BRDA:180,75,1,132
BRDA:182,76,0,0
BRDA:182,76,1,0
BRDA:186,77,0,132
BRDA:186,77,1,0
BRDA:201,78,0,0
BRDA:201,78,1,0
BRDA:205,79,0,0
BRDA:205,79,1,0
BRDA:208,80,0,0
BRDA:208,80,1,0
BRDA:213,81,0,0
BRDA:213,81,1,0
BRDA:216,82,0,0
BRDA:216,82,1,0
BRDA:217,83,0,0
BRDA:217,83,1,0
BRF:169
BRH:89
end_of_record
TN:
SF:src\utils\cn.ts
FN:4,cn
FNF:1
FNH:0
FNDA:0,cn
DA:5,0
LF:1
LH:0
BRF:0
BRH:0
end_of_record
TN:
SF:src\utils\completionHelper.ts
FN:4,getSectionStatus
FN:21,(anonymous_1)
FN:24,(anonymous_2)
FN:26,(anonymous_3)
FN:28,(anonymous_4)
FN:30,(anonymous_5)
FN:32,(anonymous_6)
FN:34,(anonymous_7)
FN:36,(anonymous_8)
FN:38,(anonymous_9)
FN:57,calculateCompletion
FN:60,(anonymous_11)
FNF:12
FNH:0
FNDA:0,getSectionStatus
FNDA:0,(anonymous_1)
FNDA:0,(anonymous_2)
FNDA:0,(anonymous_3)
FNDA:0,(anonymous_4)
FNDA:0,(anonymous_5)
FNDA:0,(anonymous_6)
FNDA:0,(anonymous_7)
FNDA:0,(anonymous_8)
FNDA:0,(anonymous_9)
FNDA:0,calculateCompletion
FNDA:0,(anonymous_11)
DA:5,0
DA:6,0
DA:13,0
DA:14,0
DA:16,0
DA:19,0
DA:20,0
DA:21,0
DA:22,0
DA:23,0
DA:24,0
DA:25,0
DA:26,0
DA:27,0
DA:28,0
DA:29,0
DA:30,0
DA:31,0
DA:32,0
DA:33,0
DA:34,0
DA:35,0
DA:36,0
DA:37,0
DA:38,0
DA:40,0
DA:58,0
DA:59,0
DA:60,0
DA:61,0
LF:30
LH:0
BRDA:5,0,0,0
BRDA:5,0,1,0
BRDA:7,1,0,0
BRDA:7,1,1,0
BRDA:7,1,2,0
BRDA:7,1,3,0
BRDA:7,1,4,0
BRDA:14,2,0,0
BRDA:14,2,1,0
BRDA:16,3,0,0
BRDA:16,3,1,0
BRDA:16,3,2,0
BRDA:18,4,0,0
BRDA:18,4,1,0
BRDA:19,5,0,0
BRDA:19,5,1,0
BRDA:20,6,0,0
BRDA:20,6,1,0
BRDA:21,7,0,0
BRDA:21,7,1,0
BRDA:22,8,0,0
BRDA:22,8,1,0
BRDA:23,9,0,0
BRDA:23,9,1,0
BRDA:23,9,2,0
BRDA:25,10,0,0
BRDA:25,10,1,0
BRDA:25,10,2,0
BRDA:27,11,0,0
BRDA:27,11,1,0
BRDA:27,11,2,0
BRDA:29,12,0,0
BRDA:29,12,1,0
BRDA:29,12,2,0
BRDA:31,13,0,0
BRDA:31,13,1,0
BRDA:31,13,2,0
BRDA:33,14,0,0
BRDA:33,14,1,0
BRDA:33,14,2,0
BRDA:35,15,0,0
BRDA:35,15,1,0
BRDA:35,15,2,0
BRDA:37,16,0,0
BRDA:37,16,1,0
BRDA:37,16,2,0
BRF:46
BRH:0
end_of_record
TN:
SF:src\utils\contactUtils.ts
FN:3,(anonymous_0)
FNF:1
FNH:0
FNDA:0,(anonymous_0)
DA:3,0
DA:4,0
LF:2
LH:0
BRDA:4,0,0,0
BRDA:4,0,1,0
BRF:2
BRH:0
end_of_record
TN:
SF:src\utils\dateUtils.ts
FN:1,(anonymous_0)
FNF:1
FNH:0
FNDA:0,(anonymous_0)
DA:1,0
DA:2,0
DA:4,0
DA:5,0
DA:7,0
DA:9,0
DA:10,0
DA:11,0
DA:14,0
DA:20,0
DA:21,0
DA:22,0
DA:23,0
DA:26,0
LF:14
LH:0
BRDA:2,0,0,0
BRDA:2,0,1,0
BRDA:4,1,0,0
BRDA:4,1,1,0
BRDA:7,2,0,0
BRDA:7,2,1,0
BRDA:10,3,0,0
BRDA:10,3,1,0
BRDA:21,4,0,0
BRDA:21,4,1,0
BRDA:23,5,0,0
BRDA:23,5,1,0
BRF:12
BRH:0
end_of_record
TN:
SF:src\utils\layoutHelper.ts
FN:3,(anonymous_0)
FN:10,(anonymous_1)
FN:16,(anonymous_2)
FN:16,(anonymous_3)
FN:16,(anonymous_4)
FN:17,(anonymous_5)
FN:19,(anonymous_6)
FN:20,(anonymous_7)
FN:21,(anonymous_8)
FN:22,(anonymous_9)
FN:23,(anonymous_10)
FN:24,(anonymous_11)
FN:26,(anonymous_12)
FN:32,estimatePageCount
FN:34,(anonymous_14)
FN:43,(anonymous_15)
FN:47,getPageBreakSections
FN:55,(anonymous_17)
FNF:18
FNH:10
FNDA:164,(anonymous_0)
FNDA:20,(anonymous_1)
FNDA:28,(anonymous_2)
FNDA:84,(anonymous_3)
FNDA:84,(anonymous_4)
FNDA:14,(anonymous_5)
FNDA:0,(anonymous_6)
FNDA:0,(anonymous_7)
FNDA:0,(anonymous_8)
FNDA:0,(anonymous_9)
FNDA:28,(anonymous_10)
FNDA:0,(anonymous_11)
FNDA:0,(anonymous_12)
FNDA:10,estimatePageCount
FNDA:120,(anonymous_14)
FNDA:35,(anonymous_15)
FNDA:0,getPageBreakSections
FNDA:0,(anonymous_17)
DA:3,3
DA:4,164
DA:5,126
DA:6,126
DA:7,126
DA:10,3
DA:11,20
DA:12,20
DA:13,20
DA:16,84
DA:17,14
DA:19,0
DA:20,0
DA:21,0
DA:22,0
DA:23,28
DA:24,0
DA:26,0
DA:30,3
DA:33,10
DA:34,10
DA:35,120
DA:36,110
DA:37,100
DA:38,100
DA:41,10
DA:42,10
DA:43,35
DA:44,10
DA:54,0
DA:55,0
DA:56,0
DA:57,0
DA:58,0
DA:59,0
DA:62,0
DA:66,0
LF:37
LH:23
BRDA:3,0,0,164
BRDA:3,1,0,164
BRDA:4,2,0,38
BRDA:4,2,1,126
BRDA:4,3,0,164
BRDA:4,3,1,126
BRDA:10,4,0,20
BRDA:12,5,0,0
BRDA:12,5,1,20
BRDA:16,6,0,20
BRDA:16,6,1,0
BRDA:16,7,0,28
BRDA:16,7,1,0
BRDA:16,8,0,84
BRDA:16,8,1,84
BRDA:17,9,0,20
BRDA:17,9,1,0
BRDA:17,10,0,0
BRDA:17,10,1,14
BRDA:19,11,0,20
BRDA:19,11,1,20
BRDA:20,12,0,20
BRDA:20,12,1,20
BRDA:21,13,0,20
BRDA:21,13,1,20
BRDA:22,14,0,20
BRDA:22,14,1,20
BRDA:23,15,0,20
BRDA:23,15,1,6
BRDA:24,16,0,20
BRDA:24,16,1,20
BRDA:25,17,0,20
BRDA:25,17,1,20
BRDA:26,18,0,20
BRDA:26,18,1,20
BRDA:32,19,0,10
BRDA:32,20,0,10
BRDA:33,21,0,0
BRDA:33,21,1,10
BRDA:35,22,0,10
BRDA:35,22,1,110
BRDA:35,23,0,10
BRDA:35,23,1,7
BRDA:36,24,0,10
BRDA:36,24,1,100
BRDA:36,25,0,10
BRDA:36,25,1,10
BRDA:38,26,0,100
BRDA:38,26,1,27
BRDA:43,27,0,35
BRDA:43,27,1,0
BRDA:49,28,0,0
BRDA:54,29,0,0
BRDA:54,29,1,0
BRDA:56,30,0,0
BRDA:56,30,1,0
BRDA:56,31,0,0
BRDA:56,31,1,0
BRDA:57,32,0,0
BRDA:57,32,1,0
BRDA:57,33,0,0
BRDA:57,33,1,0
BRDA:59,34,0,0
BRDA:59,34,1,0
BRF:64
BRH:44
end_of_record
TN:
SF:src\utils\motion.ts
FNF:0
FNH:0
DA:4,0
DA:11,0
DA:27,0
LF:3
LH:0
BRF:0
BRH:0
end_of_record
TN:
SF:src\utils\resumeNormalizer.ts
FN:5,(anonymous_0)
FN:8,(anonymous_1)
FN:11,(anonymous_2)
FN:14,normalizeResumeData
FN:40,(anonymous_4)
FN:43,(anonymous_5)
FN:46,(anonymous_6)
FN:49,(anonymous_7)
FN:59,(anonymous_8)
FN:63,(anonymous_9)
FN:75,(anonymous_10)
FN:77,(anonymous_11)
FN:86,(anonymous_12)
FN:92,(anonymous_13)
FN:100,(anonymous_14)
FN:111,(anonymous_15)
FN:122,(anonymous_16)
FN:127,(anonymous_17)
FN:131,(anonymous_18)
FN:142,(anonymous_19)
FN:153,(anonymous_20)
FNF:21
FNH:15
FNDA:77,(anonymous_0)
FNDA:101,(anonymous_1)
FNDA:71,(anonymous_2)
FNDA:9,normalizeResumeData
FNDA:46,(anonymous_4)
FNDA:3,(anonymous_5)
FNDA:5,(anonymous_6)
FNDA:3,(anonymous_7)
FNDA:4,(anonymous_8)
FNDA:1,(anonymous_9)
FNDA:8,(anonymous_10)
FNDA:1,(anonymous_11)
FNDA:2,(anonymous_12)
FNDA:1,(anonymous_13)
FNDA:0,(anonymous_14)
FNDA:0,(anonymous_15)
FNDA:0,(anonymous_16)
FNDA:0,(anonymous_17)
FNDA:0,(anonymous_18)
FNDA:0,(anonymous_19)
FNDA:1,(anonymous_20)
DA:5,1
DA:6,77
DA:8,1
DA:9,101
DA:11,1
DA:12,71
DA:15,9
DA:17,9
DA:18,3
DA:27,6
DA:28,6
DA:29,9
DA:38,9
DA:40,9
DA:41,46
DA:43,9
DA:44,3
DA:46,9
DA:47,5
DA:49,9
DA:50,3
DA:51,3
DA:59,4
DA:63,9
DA:64,1
DA:65,1
DA:75,9
DA:77,9
DA:78,1
DA:79,1
DA:86,9
DA:87,2
DA:88,2
DA:92,1
DA:100,9
DA:101,0
DA:102,0
DA:111,9
DA:112,0
DA:113,0
DA:122,9
DA:123,0
DA:124,0
DA:127,0
DA:131,9
DA:132,0
DA:133,0
DA:142,9
DA:143,0
DA:144,0
DA:153,9
DA:154,1
DA:155,1
DA:164,9
LF:54
LH:43
BRDA:6,0,0,77
BRDA:6,0,1,76
BRDA:6,0,2,74
BRDA:9,1,0,82
BRDA:9,1,1,19
BRDA:12,2,0,24
BRDA:12,2,1,47
BRDA:17,3,0,3
BRDA:17,3,1,6
BRDA:28,4,0,6
BRDA:28,4,1,0
BRDA:41,5,0,46
BRDA:41,5,1,0
BRDA:44,6,0,3
BRDA:44,6,1,0
BRDA:44,7,0,3
BRDA:44,7,1,3
BRDA:47,8,0,5
BRDA:47,8,1,0
BRDA:50,9,0,3
BRDA:50,9,1,0
BRDA:52,10,0,3
BRDA:52,10,1,0
BRDA:64,11,0,1
BRDA:64,11,1,0
BRDA:66,12,0,1
BRDA:66,12,1,0
BRDA:78,13,0,1
BRDA:78,13,1,0
BRDA:80,14,0,1
BRDA:80,14,1,0
BRDA:87,15,0,2
BRDA:87,15,1,0
BRDA:89,16,0,2
BRDA:89,16,1,0
BRDA:101,17,0,0
BRDA:101,17,1,0
BRDA:103,18,0,0
BRDA:103,18,1,0
BRDA:112,19,0,0
BRDA:112,19,1,0
BRDA:114,20,0,0
BRDA:114,20,1,0
BRDA:123,21,0,0
BRDA:123,21,1,0
BRDA:125,22,0,0
BRDA:125,22,1,0
BRDA:132,23,0,0
BRDA:132,23,1,0
BRDA:134,24,0,0
BRDA:134,24,1,0
BRDA:143,25,0,0
BRDA:143,25,1,0
BRDA:145,26,0,0
BRDA:145,26,1,0
BRDA:154,27,0,1
BRDA:154,27,1,0
BRDA:156,28,0,1
BRDA:156,28,1,0
BRF:59
BRH:25
end_of_record
TN:
SF:src\utils\roleClassifier.ts
FN:26,classifyDomain
FN:39,(anonymous_1)
FN:47,computeDomainPenalty
FNF:3
FNH:3
FNDA:41,classifyDomain
FNDA:75,(anonymous_1)
FNDA:21,computeDomainPenalty
DA:13,4
DA:27,41
DA:28,41
DA:30,41
DA:31,410
DA:32,369
DA:33,369
DA:34,3321
DA:36,369
DA:39,75
DA:40,41
DA:42,36
DA:43,36
DA:44,36
DA:48,21
DA:49,17
DA:51,2
DA:59,2
DA:60,2
LF:19
LH:19
BRDA:31,0,0,41
BRDA:31,0,1,369
BRDA:34,1,0,359
BRDA:34,1,1,2962
BRDA:36,2,0,111
BRDA:36,2,1,258
BRDA:40,3,0,5
BRDA:40,3,1,36
BRDA:48,4,0,4
BRDA:48,4,1,17
BRDA:48,5,0,21
BRDA:48,5,1,20
BRDA:49,6,0,15
BRDA:49,6,1,2
BRDA:59,7,0,0
BRDA:59,7,1,2
BRF:16
BRH:15
end_of_record
TN:
SF:src\utils\sectionLabels.ts
FNF:0
FNH:0
DA:1,0
LF:1
LH:0
BRF:0
BRH:0
end_of_record
TN:
SF:src\utils\semanticScorer.ts
FN:1,tokenize
FN:5,(anonymous_1)
FN:8,computeSemanticRelevance
FNF:3
FNH:3
FNDA:30,tokenize
FNDA:2079,(anonymous_1)
FNDA:16,computeSemanticRelevance
DA:2,30
DA:5,2079
DA:9,16
DA:11,15
DA:12,15
DA:14,15
DA:16,15
DA:17,15
DA:18,453
DA:21,15
LF:10
LH:10
BRDA:9,0,0,1
BRDA:9,0,1,15
BRDA:14,1,0,0
BRDA:14,1,1,15
BRDA:18,2,0,159
BRDA:18,2,1,294
BRF:6
BRH:5
end_of_record
TN:
SF:src\utils\stylePrefsToCssVars.ts
FN:3,stylePrefsToCssVars
FNF:1
FNH:0
FNDA:0,stylePrefsToCssVars
DA:4,0
LF:1
LH:0
BRDA:5,0,0,0
BRDA:5,0,1,0
BRDA:6,1,0,0
BRDA:6,1,1,0
BRDA:9,2,0,0
BRDA:9,2,1,0
BRDA:18,3,0,0
BRDA:18,3,1,0
BRDA:19,4,0,0
BRDA:19,4,1,0
BRDA:20,5,0,0
BRDA:20,5,1,0
BRDA:20,6,0,0
BRDA:20,6,1,0
BRDA:21,7,0,0
BRDA:21,7,1,0
BRDA:22,8,0,0
BRDA:22,8,1,0
BRDA:23,9,0,0
BRDA:23,9,1,0
BRF:20
BRH:0
end_of_record
